app/build/intermediates/manifest_merge_blame_file/debug/manifest-merger-blame-debug-report.txt
1<?xml version="1.0" encoding="utf-8"?>
2<manifest xmlns:android="http://schemas.android.com/apk/res/android"
3    package="com.example.rssivalidation"
4    android:versionCode="14"
5    android:versionName="1.6.1" >
6
7    <uses-sdk
8        android:minSdkVersion="24"
9        android:targetSdkVersion="33" />
10
11    <uses-permission
11-->src/main/AndroidManifest.xml:4:5-68
12        android:name="android.permission.BLUETOOTH"
12-->src/main/AndroidManifest.xml:4:22-65
13        android:maxSdkVersion="30" />
13-->[no.nordicsemi.android:dfu:2.0.2] AndroidManifest.xml:23:9-35
14    <uses-permission android:name="android.permission.BLUETOOTH_CONNECT" />
14-->src/main/AndroidManifest.xml:5:5-76
14-->src/main/AndroidManifest.xml:5:22-73
15    <uses-permission
15-->src/main/AndroidManifest.xml:6:5-73
16        android:name="android.permission.BLUETOOTH_SCAN"
16-->src/main/AndroidManifest.xml:6:22-70
17        android:usesPermissionFlags="neverForLocation" />
17-->[bluconnect-debug.aar] AndroidManifest.xml:19:9-55
18    <uses-permission
18-->src/main/AndroidManifest.xml:7:5-74
19        android:name="android.permission.BLUETOOTH_ADMIN"
19-->src/main/AndroidManifest.xml:7:22-71
20        android:maxSdkVersion="30" />
20-->[no.nordicsemi.android:dfu:2.0.2] AndroidManifest.xml:31:9-35
21    <uses-permission android:name="android.permission.ACCESS_COARSE_LOCATION" />
21-->src/main/AndroidManifest.xml:8:5-81
21-->src/main/AndroidManifest.xml:8:22-78
22    <uses-permission android:name="android.permission.ACCESS_FINE_LOCATION" />
22-->src/main/AndroidManifest.xml:9:5-79
22-->src/main/AndroidManifest.xml:9:22-76
23    <uses-permission
23-->src/main/AndroidManifest.xml:10:5-11:37
24        android:name="android.permission.FOREGROUND_SERVICE"
24-->src/main/AndroidManifest.xml:10:22-74
25        android:minSdkVersion="34" />
25-->src/main/AndroidManifest.xml:11:9-35
26    <uses-permission android:name="android.permission.POST_NOTIFICATIONS" />
26-->src/main/AndroidManifest.xml:12:5-77
26-->src/main/AndroidManifest.xml:12:22-74
27    <uses-permission
27-->src/main/AndroidManifest.xml:13:5-14:37
28        android:name="android.permission.FOREGROUND_SERVICE_DATA_SYNC"
28-->src/main/AndroidManifest.xml:13:22-84
29        android:minSdkVersion="34" />
29-->src/main/AndroidManifest.xml:14:9-35
30
31    <uses-feature
31-->[bluconnect-debug.aar] AndroidManifest.xml:8:5-10:36
32        android:name="android.hardware.bluetooth"
32-->[bluconnect-debug.aar] AndroidManifest.xml:9:9-50
33        android:required="false" />
33-->[bluconnect-debug.aar] AndroidManifest.xml:10:9-33
34    <uses-feature
34-->[bluconnect-debug.aar] AndroidManifest.xml:11:5-13:36
35        android:name="android.hardware.bluetooth_le"
35-->[bluconnect-debug.aar] AndroidManifest.xml:12:9-53
36        android:required="false" />
36-->[bluconnect-debug.aar] AndroidManifest.xml:13:9-33
37
38    <uses-permission android:name="android.permission.INTERNET" />
38-->[bluconnect-debug.aar] AndroidManifest.xml:15:5-67
38-->[bluconnect-debug.aar] AndroidManifest.xml:15:22-64
39    <uses-permission android:name="android.permission.ACCESS_BACKGROUND_LOCATION" />
39-->[bluconnect-debug.aar] AndroidManifest.xml:25:5-85
39-->[bluconnect-debug.aar] AndroidManifest.xml:25:22-82
40    <uses-permission android:name="android.permission.RECORD_AUDIO" />
40-->[bluconnect-debug.aar] AndroidManifest.xml:26:5-71
40-->[bluconnect-debug.aar] AndroidManifest.xml:26:22-68
41    <uses-permission android:name="android.permission.MODIFY_AUDIO_SETTINGS" />
41-->[bluconnect-debug.aar] AndroidManifest.xml:27:5-80
41-->[bluconnect-debug.aar] AndroidManifest.xml:27:22-77
42    <uses-permission android:name="android.permission.CAMERA" />
42-->[bluconnect-debug.aar] AndroidManifest.xml:28:5-65
42-->[bluconnect-debug.aar] AndroidManifest.xml:28:22-62
43    <uses-permission android:name="android.permission.REQUEST_IGNORE_BATTERY_OPTIMIZATIONS" />
43-->[bluconnect-debug.aar] AndroidManifest.xml:29:5-95
43-->[bluconnect-debug.aar] AndroidManifest.xml:29:22-92
44    <uses-permission android:name="android.permission.READ_CONTACTS" />
44-->[bluconnect-debug.aar] AndroidManifest.xml:30:5-72
44-->[bluconnect-debug.aar] AndroidManifest.xml:30:22-69
45    <uses-permission android:name="android.permission.SYSTEM_ALERT_WINDOW" /> <!-- Although the *SdkVersion is captured in gradle build files, this is required for non gradle builds -->
45-->[bluconnect-debug.aar] AndroidManifest.xml:31:5-78
45-->[bluconnect-debug.aar] AndroidManifest.xml:31:22-75
46    <!-- <uses-sdk android:minSdkVersion="14"/> -->
47    <uses-permission android:name="android.permission.ACCESS_NETWORK_STATE" />
47-->[com.google.firebase:firebase-storage:20.3.0] AndroidManifest.xml:23:5-79
47-->[com.google.firebase:firebase-storage:20.3.0] AndroidManifest.xml:23:22-76
48    <uses-permission android:name="android.permission.WAKE_LOCK" />
48-->[com.google.android.gms:play-services-measurement-api:21.5.0] AndroidManifest.xml:24:5-68
48-->[com.google.android.gms:play-services-measurement-api:21.5.0] AndroidManifest.xml:24:22-65
49    <uses-permission android:name="com.google.android.gms.permission.AD_ID" />
49-->[com.google.android.gms:play-services-measurement-api:21.5.0] AndroidManifest.xml:25:5-79
49-->[com.google.android.gms:play-services-measurement-api:21.5.0] AndroidManifest.xml:25:22-76
50    <uses-permission android:name="android.permission.ACCESS_ADSERVICES_ATTRIBUTION" />
50-->[com.google.android.gms:play-services-measurement-api:21.5.0] AndroidManifest.xml:26:5-88
50-->[com.google.android.gms:play-services-measurement-api:21.5.0] AndroidManifest.xml:26:22-85
51    <uses-permission android:name="android.permission.ACCESS_ADSERVICES_AD_ID" />
51-->[com.google.android.gms:play-services-measurement-api:21.5.0] AndroidManifest.xml:27:5-82
51-->[com.google.android.gms:play-services-measurement-api:21.5.0] AndroidManifest.xml:27:22-79
52    <uses-permission android:name="com.google.android.finsky.permission.BIND_GET_INSTALL_REFERRER_SERVICE" />
52-->[com.google.android.gms:play-services-measurement:21.5.0] AndroidManifest.xml:26:5-110
52-->[com.google.android.gms:play-services-measurement:21.5.0] AndroidManifest.xml:26:22-107
53
54    <permission
54-->[androidx.core:core:1.12.0] AndroidManifest.xml:22:5-24:47
55        android:name="com.example.rssivalidation.DYNAMIC_RECEIVER_NOT_EXPORTED_PERMISSION"
55-->[androidx.core:core:1.12.0] AndroidManifest.xml:23:9-81
56        android:protectionLevel="signature" />
56-->[androidx.core:core:1.12.0] AndroidManifest.xml:24:9-44
57
58    <uses-permission android:name="com.example.rssivalidation.DYNAMIC_RECEIVER_NOT_EXPORTED_PERMISSION" />
58-->[androidx.core:core:1.12.0] AndroidManifest.xml:26:5-97
58-->[androidx.core:core:1.12.0] AndroidManifest.xml:26:22-94
59
60    <application
60-->src/main/AndroidManifest.xml:15:5-36:19
61        android:allowBackup="true"
61-->src/main/AndroidManifest.xml:16:9-35
62        android:appComponentFactory="androidx.core.app.CoreComponentFactory"
62-->[androidx.core:core:1.12.0] AndroidManifest.xml:28:18-86
63        android:debuggable="true"
64        android:extractNativeLibs="false"
65        android:icon="@mipmap/ic_launcher"
65-->src/main/AndroidManifest.xml:17:9-43
66        android:label="@string/app_name"
66-->src/main/AndroidManifest.xml:18:9-41
67        android:roundIcon="@mipmap/ic_launcher_round"
67-->src/main/AndroidManifest.xml:19:9-54
68        android:theme="@style/Theme.RssiValidation" >
68-->src/main/AndroidManifest.xml:20:9-52
69        <activity
69-->src/main/AndroidManifest.xml:21:9-29:20
70            android:name="com.example.rssivalidation.MainActivity"
70-->src/main/AndroidManifest.xml:22:13-41
71            android:exported="true"
71-->src/main/AndroidManifest.xml:23:13-36
72            android:theme="@style/Theme.RssiValidation" >
72-->src/main/AndroidManifest.xml:24:13-56
73            <intent-filter>
73-->src/main/AndroidManifest.xml:25:13-28:29
74                <action android:name="android.intent.action.MAIN" />
74-->src/main/AndroidManifest.xml:26:17-69
74-->src/main/AndroidManifest.xml:26:25-66
75
76                <category android:name="android.intent.category.LAUNCHER" />
76-->src/main/AndroidManifest.xml:27:17-77
76-->src/main/AndroidManifest.xml:27:27-74
77            </intent-filter>
78        </activity>
79
80        <service
80-->src/main/AndroidManifest.xml:30:9-35:58
81            android:name="com.example.rssivalidation.SerivcesBle"
81-->src/main/AndroidManifest.xml:31:13-40
82            android:enabled="true"
82-->src/main/AndroidManifest.xml:33:13-35
83            android:exported="false"
83-->src/main/AndroidManifest.xml:34:13-37
84            android:foregroundServiceType="dataSync" />
84-->src/main/AndroidManifest.xml:32:13-53
85        <service android:name="com.aptener.bluconnect.DfuService" />
85-->[bluconnect-debug.aar] AndroidManifest.xml:34:9-69
85-->[bluconnect-debug.aar] AndroidManifest.xml:34:18-66
86
87        <activity
87-->[androidx.compose.ui:ui-test-manifest:1.5.4] AndroidManifest.xml:23:9-25:39
88            android:name="androidx.activity.ComponentActivity"
88-->[androidx.compose.ui:ui-test-manifest:1.5.4] AndroidManifest.xml:24:13-63
89            android:exported="true" />
89-->[androidx.compose.ui:ui-test-manifest:1.5.4] AndroidManifest.xml:25:13-36
90        <activity
90-->[androidx.compose.ui:ui-tooling-android:1.5.4] AndroidManifest.xml:23:9-25:39
91            android:name="androidx.compose.ui.tooling.PreviewActivity"
91-->[androidx.compose.ui:ui-tooling-android:1.5.4] AndroidManifest.xml:24:13-71
92            android:exported="true" />
92-->[androidx.compose.ui:ui-tooling-android:1.5.4] AndroidManifest.xml:25:13-36
93
94        <service
94-->[com.google.firebase:firebase-storage-ktx:20.3.0] AndroidManifest.xml:9:9-15:19
95            android:name="com.google.firebase.components.ComponentDiscoveryService"
95-->[com.google.firebase:firebase-storage-ktx:20.3.0] AndroidManifest.xml:10:13-84
96            android:directBootAware="true"
96-->[com.google.firebase:firebase-common:20.4.2] AndroidManifest.xml:32:13-43
97            android:exported="false" >
97-->[com.google.firebase:firebase-storage-ktx:20.3.0] AndroidManifest.xml:11:13-37
98            <meta-data
98-->[com.google.firebase:firebase-storage-ktx:20.3.0] AndroidManifest.xml:12:13-14:85
99                android:name="com.google.firebase.components:com.google.firebase.storage.ktx.FirebaseStorageLegacyRegistrar"
99-->[com.google.firebase:firebase-storage-ktx:20.3.0] AndroidManifest.xml:13:17-125
100                android:value="com.google.firebase.components.ComponentRegistrar" />
100-->[com.google.firebase:firebase-storage-ktx:20.3.0] AndroidManifest.xml:14:17-82
101            <meta-data
101-->[com.google.firebase:firebase-storage:20.3.0] AndroidManifest.xml:30:13-32:85
102                android:name="com.google.firebase.components:com.google.firebase.storage.FirebaseStorageKtxRegistrar"
102-->[com.google.firebase:firebase-storage:20.3.0] AndroidManifest.xml:31:17-118
103                android:value="com.google.firebase.components.ComponentRegistrar" />
103-->[com.google.firebase:firebase-storage:20.3.0] AndroidManifest.xml:32:17-82
104            <meta-data
104-->[com.google.firebase:firebase-storage:20.3.0] AndroidManifest.xml:33:13-35:85
105                android:name="com.google.firebase.components:com.google.firebase.storage.StorageRegistrar"
105-->[com.google.firebase:firebase-storage:20.3.0] AndroidManifest.xml:34:17-107
106                android:value="com.google.firebase.components.ComponentRegistrar" />
106-->[com.google.firebase:firebase-storage:20.3.0] AndroidManifest.xml:35:17-82
107            <meta-data
107-->[com.google.firebase:firebase-firestore-ktx:24.10.0] AndroidManifest.xml:12:13-14:85
108                android:name="com.google.firebase.components:com.google.firebase.firestore.ktx.FirebaseFirestoreLegacyRegistrar"
108-->[com.google.firebase:firebase-firestore-ktx:24.10.0] AndroidManifest.xml:13:17-129
109                android:value="com.google.firebase.components.ComponentRegistrar" />
109-->[com.google.firebase:firebase-firestore-ktx:24.10.0] AndroidManifest.xml:14:17-82
110            <meta-data
110-->[com.google.firebase:firebase-firestore:24.10.0] AndroidManifest.xml:17:13-19:85
111                android:name="com.google.firebase.components:com.google.firebase.firestore.FirebaseFirestoreKtxRegistrar"
111-->[com.google.firebase:firebase-firestore:24.10.0] AndroidManifest.xml:18:17-122
112                android:value="com.google.firebase.components.ComponentRegistrar" />
112-->[com.google.firebase:firebase-firestore:24.10.0] AndroidManifest.xml:19:17-82
113            <meta-data
113-->[com.google.firebase:firebase-firestore:24.10.0] AndroidManifest.xml:20:13-22:85
114                android:name="com.google.firebase.components:com.google.firebase.firestore.FirestoreRegistrar"
114-->[com.google.firebase:firebase-firestore:24.10.0] AndroidManifest.xml:21:17-111
115                android:value="com.google.firebase.components.ComponentRegistrar" />
115-->[com.google.firebase:firebase-firestore:24.10.0] AndroidManifest.xml:22:17-82
116            <meta-data
116-->[com.google.firebase:firebase-appcheck:17.1.1] AndroidManifest.xml:25:13-27:85
117                android:name="com.google.firebase.components:com.google.firebase.appcheck.FirebaseAppCheckKtxRegistrar"
117-->[com.google.firebase:firebase-appcheck:17.1.1] AndroidManifest.xml:26:17-120
118                android:value="com.google.firebase.components.ComponentRegistrar" />
118-->[com.google.firebase:firebase-appcheck:17.1.1] AndroidManifest.xml:27:17-82
119            <meta-data
119-->[com.google.firebase:firebase-appcheck:17.1.1] AndroidManifest.xml:28:13-30:85
120                android:name="com.google.firebase.components:com.google.firebase.appcheck.FirebaseAppCheckRegistrar"
120-->[com.google.firebase:firebase-appcheck:17.1.1] AndroidManifest.xml:29:17-117
121                android:value="com.google.firebase.components.ComponentRegistrar" />
121-->[com.google.firebase:firebase-appcheck:17.1.1] AndroidManifest.xml:30:17-82
122            <meta-data
122-->[com.google.firebase:firebase-config-ktx:21.6.0] AndroidManifest.xml:12:13-14:85
123                android:name="com.google.firebase.components:com.google.firebase.remoteconfig.ktx.FirebaseConfigLegacyRegistrar"
123-->[com.google.firebase:firebase-config-ktx:21.6.0] AndroidManifest.xml:13:17-129
124                android:value="com.google.firebase.components.ComponentRegistrar" />
124-->[com.google.firebase:firebase-config-ktx:21.6.0] AndroidManifest.xml:14:17-82
125            <meta-data
125-->[com.google.firebase:firebase-analytics-ktx:21.5.0] AndroidManifest.xml:11:13-13:85
126                android:name="com.google.firebase.components:com.google.firebase.analytics.ktx.FirebaseAnalyticsLegacyRegistrar"
126-->[com.google.firebase:firebase-analytics-ktx:21.5.0] AndroidManifest.xml:12:17-129
127                android:value="com.google.firebase.components.ComponentRegistrar" />
127-->[com.google.firebase:firebase-analytics-ktx:21.5.0] AndroidManifest.xml:13:17-82
128            <meta-data
128-->[com.google.firebase:firebase-config:21.6.0] AndroidManifest.xml:29:13-31:85
129                android:name="com.google.firebase.components:com.google.firebase.remoteconfig.FirebaseRemoteConfigKtxRegistrar"
129-->[com.google.firebase:firebase-config:21.6.0] AndroidManifest.xml:30:17-128
130                android:value="com.google.firebase.components.ComponentRegistrar" />
130-->[com.google.firebase:firebase-config:21.6.0] AndroidManifest.xml:31:17-82
131            <meta-data
131-->[com.google.firebase:firebase-config:21.6.0] AndroidManifest.xml:32:13-34:85
132                android:name="com.google.firebase.components:com.google.firebase.remoteconfig.RemoteConfigRegistrar"
132-->[com.google.firebase:firebase-config:21.6.0] AndroidManifest.xml:33:17-117
133                android:value="com.google.firebase.components.ComponentRegistrar" />
133-->[com.google.firebase:firebase-config:21.6.0] AndroidManifest.xml:34:17-82
134            <meta-data
134-->[com.google.android.gms:play-services-measurement-api:21.5.0] AndroidManifest.xml:37:13-39:85
135                android:name="com.google.firebase.components:com.google.firebase.analytics.connector.internal.AnalyticsConnectorRegistrar"
135-->[com.google.android.gms:play-services-measurement-api:21.5.0] AndroidManifest.xml:38:17-139
136                android:value="com.google.firebase.components.ComponentRegistrar" />
136-->[com.google.android.gms:play-services-measurement-api:21.5.0] AndroidManifest.xml:39:17-82
137            <meta-data
137-->[com.google.firebase:firebase-installations:17.2.0] AndroidManifest.xml:15:13-17:85
138                android:name="com.google.firebase.components:com.google.firebase.installations.FirebaseInstallationsKtxRegistrar"
138-->[com.google.firebase:firebase-installations:17.2.0] AndroidManifest.xml:16:17-130
139                android:value="com.google.firebase.components.ComponentRegistrar" />
139-->[com.google.firebase:firebase-installations:17.2.0] AndroidManifest.xml:17:17-82
140            <meta-data
140-->[com.google.firebase:firebase-installations:17.2.0] AndroidManifest.xml:18:13-20:85
141                android:name="com.google.firebase.components:com.google.firebase.installations.FirebaseInstallationsRegistrar"
141-->[com.google.firebase:firebase-installations:17.2.0] AndroidManifest.xml:19:17-127
142                android:value="com.google.firebase.components.ComponentRegistrar" />
142-->[com.google.firebase:firebase-installations:17.2.0] AndroidManifest.xml:20:17-82
143            <meta-data
143-->[com.google.firebase:firebase-common-ktx:20.4.2] AndroidManifest.xml:12:13-14:85
144                android:name="com.google.firebase.components:com.google.firebase.ktx.FirebaseCommonLegacyRegistrar"
144-->[com.google.firebase:firebase-common-ktx:20.4.2] AndroidManifest.xml:13:17-116
145                android:value="com.google.firebase.components.ComponentRegistrar" />
145-->[com.google.firebase:firebase-common-ktx:20.4.2] AndroidManifest.xml:14:17-82
146            <meta-data
146-->[com.google.firebase:firebase-common:20.4.2] AndroidManifest.xml:35:13-37:85
147                android:name="com.google.firebase.components:com.google.firebase.FirebaseCommonKtxRegistrar"
147-->[com.google.firebase:firebase-common:20.4.2] AndroidManifest.xml:36:17-109
148                android:value="com.google.firebase.components.ComponentRegistrar" />
148-->[com.google.firebase:firebase-common:20.4.2] AndroidManifest.xml:37:17-82
149            <meta-data
149-->[com.google.firebase:firebase-abt:21.1.1] AndroidManifest.xml:12:13-14:85
150                android:name="com.google.firebase.components:com.google.firebase.abt.component.AbtRegistrar"
150-->[com.google.firebase:firebase-abt:21.1.1] AndroidManifest.xml:13:17-109
151                android:value="com.google.firebase.components.ComponentRegistrar" />
151-->[com.google.firebase:firebase-abt:21.1.1] AndroidManifest.xml:14:17-82
152        </service>
153
154        <activity
154-->[com.google.android.gms:play-services-base:18.1.0] AndroidManifest.xml:20:9-22:45
155            android:name="com.google.android.gms.common.api.GoogleApiActivity"
155-->[com.google.android.gms:play-services-base:18.1.0] AndroidManifest.xml:20:19-85
156            android:exported="false"
156-->[com.google.android.gms:play-services-base:18.1.0] AndroidManifest.xml:22:19-43
157            android:theme="@android:style/Theme.Translucent.NoTitleBar" />
157-->[com.google.android.gms:play-services-base:18.1.0] AndroidManifest.xml:21:19-78
158
159        <property
159-->[com.google.android.gms:play-services-measurement-api:21.5.0] AndroidManifest.xml:30:9-32:61
160            android:name="android.adservices.AD_SERVICES_CONFIG"
160-->[com.google.android.gms:play-services-measurement-api:21.5.0] AndroidManifest.xml:31:13-65
161            android:resource="@xml/ga_ad_services_config" />
161-->[com.google.android.gms:play-services-measurement-api:21.5.0] AndroidManifest.xml:32:13-58
162
163        <provider
163-->[com.google.firebase:firebase-common:20.4.2] AndroidManifest.xml:23:9-28:39
164            android:name="com.google.firebase.provider.FirebaseInitProvider"
164-->[com.google.firebase:firebase-common:20.4.2] AndroidManifest.xml:24:13-77
165            android:authorities="com.example.rssivalidation.firebaseinitprovider"
165-->[com.google.firebase:firebase-common:20.4.2] AndroidManifest.xml:25:13-72
166            android:directBootAware="true"
166-->[com.google.firebase:firebase-common:20.4.2] AndroidManifest.xml:26:13-43
167            android:exported="false"
167-->[com.google.firebase:firebase-common:20.4.2] AndroidManifest.xml:27:13-37
168            android:initOrder="100" />
168-->[com.google.firebase:firebase-common:20.4.2] AndroidManifest.xml:28:13-36
169
170        <receiver
170-->[com.google.android.gms:play-services-measurement:21.5.0] AndroidManifest.xml:29:9-33:20
171            android:name="com.google.android.gms.measurement.AppMeasurementReceiver"
171-->[com.google.android.gms:play-services-measurement:21.5.0] AndroidManifest.xml:30:13-85
172            android:enabled="true"
172-->[com.google.android.gms:play-services-measurement:21.5.0] AndroidManifest.xml:31:13-35
173            android:exported="false" >
173-->[com.google.android.gms:play-services-measurement:21.5.0] AndroidManifest.xml:32:13-37
174        </receiver>
175
176        <service
176-->[com.google.android.gms:play-services-measurement:21.5.0] AndroidManifest.xml:35:9-38:40
177            android:name="com.google.android.gms.measurement.AppMeasurementService"
177-->[com.google.android.gms:play-services-measurement:21.5.0] AndroidManifest.xml:36:13-84
178            android:enabled="true"
178-->[com.google.android.gms:play-services-measurement:21.5.0] AndroidManifest.xml:37:13-35
179            android:exported="false" />
179-->[com.google.android.gms:play-services-measurement:21.5.0] AndroidManifest.xml:38:13-37
180        <service
180-->[com.google.android.gms:play-services-measurement:21.5.0] AndroidManifest.xml:39:9-43:72
181            android:name="com.google.android.gms.measurement.AppMeasurementJobService"
181-->[com.google.android.gms:play-services-measurement:21.5.0] AndroidManifest.xml:40:13-87
182            android:enabled="true"
182-->[com.google.android.gms:play-services-measurement:21.5.0] AndroidManifest.xml:41:13-35
183            android:exported="false"
183-->[com.google.android.gms:play-services-measurement:21.5.0] AndroidManifest.xml:42:13-37
184            android:permission="android.permission.BIND_JOB_SERVICE" />
184-->[com.google.android.gms:play-services-measurement:21.5.0] AndroidManifest.xml:43:13-69
185
186        <uses-library
186-->[androidx.privacysandbox.ads:ads-adservices:1.0.0-beta05] AndroidManifest.xml:23:9-25:40
187            android:name="android.ext.adservices"
187-->[androidx.privacysandbox.ads:ads-adservices:1.0.0-beta05] AndroidManifest.xml:24:13-50
188            android:required="false" />
188-->[androidx.privacysandbox.ads:ads-adservices:1.0.0-beta05] AndroidManifest.xml:25:13-37
189
190        <meta-data
190-->[com.google.android.gms:play-services-basement:18.1.0] AndroidManifest.xml:21:9-23:69
191            android:name="com.google.android.gms.version"
191-->[com.google.android.gms:play-services-basement:18.1.0] AndroidManifest.xml:22:13-58
192            android:value="@integer/google_play_services_version" />
192-->[com.google.android.gms:play-services-basement:18.1.0] AndroidManifest.xml:23:13-66
193
194        <provider
194-->[androidx.emoji2:emoji2:1.4.0] AndroidManifest.xml:24:9-32:20
195            android:name="androidx.startup.InitializationProvider"
195-->[androidx.emoji2:emoji2:1.4.0] AndroidManifest.xml:25:13-67
196            android:authorities="com.example.rssivalidation.androidx-startup"
196-->[androidx.emoji2:emoji2:1.4.0] AndroidManifest.xml:26:13-68
197            android:exported="false" >
197-->[androidx.emoji2:emoji2:1.4.0] AndroidManifest.xml:27:13-37
198            <meta-data
198-->[androidx.emoji2:emoji2:1.4.0] AndroidManifest.xml:29:13-31:52
199                android:name="androidx.emoji2.text.EmojiCompatInitializer"
199-->[androidx.emoji2:emoji2:1.4.0] AndroidManifest.xml:30:17-75
200                android:value="androidx.startup" />
200-->[androidx.emoji2:emoji2:1.4.0] AndroidManifest.xml:31:17-49
201            <meta-data
201-->[androidx.lifecycle:lifecycle-process:2.6.2] AndroidManifest.xml:29:13-31:52
202                android:name="androidx.lifecycle.ProcessLifecycleInitializer"
202-->[androidx.lifecycle:lifecycle-process:2.6.2] AndroidManifest.xml:30:17-78
203                android:value="androidx.startup" />
203-->[androidx.lifecycle:lifecycle-process:2.6.2] AndroidManifest.xml:31:17-49
204            <meta-data
204-->[androidx.profileinstaller:profileinstaller:1.3.0] AndroidManifest.xml:29:13-31:52
205                android:name="androidx.profileinstaller.ProfileInstallerInitializer"
205-->[androidx.profileinstaller:profileinstaller:1.3.0] AndroidManifest.xml:30:17-85
206                android:value="androidx.startup" />
206-->[androidx.profileinstaller:profileinstaller:1.3.0] AndroidManifest.xml:31:17-49
207        </provider>
208
209        <service
209-->[androidx.room:room-runtime:2.6.1] AndroidManifest.xml:24:9-28:63
210            android:name="androidx.room.MultiInstanceInvalidationService"
210-->[androidx.room:room-runtime:2.6.1] AndroidManifest.xml:25:13-74
211            android:directBootAware="true"
211-->[androidx.room:room-runtime:2.6.1] AndroidManifest.xml:26:13-43
212            android:exported="false" />
212-->[androidx.room:room-runtime:2.6.1] AndroidManifest.xml:27:13-37
213        <!--
214		Service used to scan in background to emulate scanning with
215		PendingIntent on Android 4.3 - 7.x. Service will scan in background with given
216		settings and filters.
217        -->
218        <service
218-->[no.nordicsemi.android.support.v18:scanner:1.6.0] AndroidManifest.xml:41:9-43:40
219            android:name="no.nordicsemi.android.support.v18.scanner.ScannerService"
219-->[no.nordicsemi.android.support.v18:scanner:1.6.0] AndroidManifest.xml:42:13-84
220            android:exported="false" />
220-->[no.nordicsemi.android.support.v18:scanner:1.6.0] AndroidManifest.xml:43:13-37
221        <!--
222		The receiver used to scan with PendingIntent on Android 8+.
223		It will translate results from android.bluetooth.le package to
224		no.nordicsemi.android.support.v18, apply filters or perform batching,
225		depending on the settings.
226        -->
227        <receiver
227-->[no.nordicsemi.android.support.v18:scanner:1.6.0] AndroidManifest.xml:51:9-58:20
228            android:name="no.nordicsemi.android.support.v18.scanner.PendingIntentReceiver"
228-->[no.nordicsemi.android.support.v18:scanner:1.6.0] AndroidManifest.xml:52:13-91
229            android:exported="true" >
229-->[no.nordicsemi.android.support.v18:scanner:1.6.0] AndroidManifest.xml:53:13-36
230            <intent-filter>
230-->[no.nordicsemi.android.support.v18:scanner:1.6.0] AndroidManifest.xml:55:13-57:29
231                <action android:name="no.nordicsemi.android.support.v18.ACTION_FOUND" />
231-->[no.nordicsemi.android.support.v18:scanner:1.6.0] AndroidManifest.xml:56:17-89
231-->[no.nordicsemi.android.support.v18:scanner:1.6.0] AndroidManifest.xml:56:25-86
232            </intent-filter>
233        </receiver>
234        <receiver
234-->[androidx.profileinstaller:profileinstaller:1.3.0] AndroidManifest.xml:34:9-52:20
235            android:name="androidx.profileinstaller.ProfileInstallReceiver"
235-->[androidx.profileinstaller:profileinstaller:1.3.0] AndroidManifest.xml:35:13-76
236            android:directBootAware="false"
236-->[androidx.profileinstaller:profileinstaller:1.3.0] AndroidManifest.xml:36:13-44
237            android:enabled="true"
237-->[androidx.profileinstaller:profileinstaller:1.3.0] AndroidManifest.xml:37:13-35
238            android:exported="true"
238-->[androidx.profileinstaller:profileinstaller:1.3.0] AndroidManifest.xml:38:13-36
239            android:permission="android.permission.DUMP" >
239-->[androidx.profileinstaller:profileinstaller:1.3.0] AndroidManifest.xml:39:13-57
240            <intent-filter>
240-->[androidx.profileinstaller:profileinstaller:1.3.0] AndroidManifest.xml:40:13-42:29
241                <action android:name="androidx.profileinstaller.action.INSTALL_PROFILE" />
241-->[androidx.profileinstaller:profileinstaller:1.3.0] AndroidManifest.xml:41:17-91
241-->[androidx.profileinstaller:profileinstaller:1.3.0] AndroidManifest.xml:41:25-88
242            </intent-filter>
243            <intent-filter>
243-->[androidx.profileinstaller:profileinstaller:1.3.0] AndroidManifest.xml:43:13-45:29
244                <action android:name="androidx.profileinstaller.action.SKIP_FILE" />
244-->[androidx.profileinstaller:profileinstaller:1.3.0] AndroidManifest.xml:44:17-85
244-->[androidx.profileinstaller:profileinstaller:1.3.0] AndroidManifest.xml:44:25-82
245            </intent-filter>
246            <intent-filter>
246-->[androidx.profileinstaller:profileinstaller:1.3.0] AndroidManifest.xml:46:13-48:29
247                <action android:name="androidx.profileinstaller.action.SAVE_PROFILE" />
247-->[androidx.profileinstaller:profileinstaller:1.3.0] AndroidManifest.xml:47:17-88
247-->[androidx.profileinstaller:profileinstaller:1.3.0] AndroidManifest.xml:47:25-85
248            </intent-filter>
249            <intent-filter>
249-->[androidx.profileinstaller:profileinstaller:1.3.0] AndroidManifest.xml:49:13-51:29
250                <action android:name="androidx.profileinstaller.action.BENCHMARK_OPERATION" />
250-->[androidx.profileinstaller:profileinstaller:1.3.0] AndroidManifest.xml:50:17-95